  Picture.cpp
c:\program files (x86)\windows kits\10\include\10.0.16299.0\um\gdiplusenums.h(33): error C4430: отсутствует спецификатор типа - предполагается int. Примечание. C++ не поддерживает int по умолчанию
c:\program files (x86)\windows kits\10\include\10.0.16299.0\um\gdiplusenums.h(33): error C2146: синтаксическая ошибка: отсутствие ";" перед идентификатором "GraphicsState"
c:\program files (x86)\windows kits\10\include\10.0.16299.0\um\gdiplusenums.h(534): error C2433: BOOL: "inline" не разрешается для объявлений данных
c:\program files (x86)\windows kits\10\include\10.0.16299.0\um\gdiplusenums.h(534): error C4430: отсутствует спецификатор типа - предполагается int. Примечание. C++ не поддерживает int по умолчанию
c:\program files (x86)\windows kits\10\include\10.0.16299.0\um\gdiplusenums.h(534): error C2146: синтаксическая ошибка: отсутствие ";" перед идентификатором "ObjectTypeIsValid"
c:\program files (x86)\windows kits\10\include\10.0.16299.0\um\gdiplusenums.h(537): error C4430: отсутствует спецификатор типа - предполагается int. Примечание. C++ не поддерживает int по умолчанию
c:\program files (x86)\windows kits\10\include\10.0.16299.0\um\gdiplusenums.h(560): error C2065: META_SETBKCOLOR: необъявленный идентификатор
c:\program files (x86)\windows kits\10\include\10.0.16299.0\um\gdiplusenums.h(560): error C2056: недопустимое выражение
c:\program files (x86)\windows kits\10\include\10.0.16299.0\um\gdiplusenums.h(561): error C2065: META_SETBKMODE: необъявленный идентификатор
c:\program files (x86)\windows kits\10\include\10.0.16299.0\um\gdiplusenums.h(561): error C2056: недопустимое выражение
c:\program files (x86)\windows kits\10\include\10.0.16299.0\um\gdiplusenums.h(562): error C2065: META_SETMAPMODE: необъявленный идентификатор
c:\program files (x86)\windows kits\10\include\10.0.16299.0\um\gdiplusenums.h(562): error C2056: недопустимое выражение
c:\program files (x86)\windows kits\10\include\10.0.16299.0\um\gdiplusenums.h(563): error C2065: META_SETROP2: необъявленный идентификатор
c:\program files (x86)\windows kits\10\include\10.0.16299.0\um\gdiplusenums.h(563): error C2056: недопустимое выражение
c:\program files (x86)\windows kits\10\include\10.0.16299.0\um\gdiplusenums.h(564): error C2065: META_SETRELABS: необъявленный идентификатор
c:\program files (x86)\windows kits\10\include\10.0.16299.0\um\gdiplusenums.h(564): error C2056: недопустимое выражение
c:\program files (x86)\windows kits\10\include\10.0.16299.0\um\gdiplusenums.h(565): error C2065: META_SETPOLYFILLMODE: необъявленный идентификатор
c:\program files (x86)\windows kits\10\include\10.0.16299.0\um\gdiplusenums.h(565): error C2056: недопустимое выражение
c:\program files (x86)\windows kits\10\include\10.0.16299.0\um\gdiplusenums.h(566): error C2065: META_SETSTRETCHBLTMODE: необъявленный идентификатор
c:\program files (x86)\windows kits\10\include\10.0.16299.0\um\gdiplusenums.h(566): error C2056: недопустимое выражение
c:\program files (x86)\windows kits\10\include\10.0.16299.0\um\gdiplusenums.h(567): error C2065: META_SETTEXTCHAREXTRA: необъявленный идентификатор
c:\program files (x86)\windows kits\10\include\10.0.16299.0\um\gdiplusenums.h(567): error C2056: недопустимое выражение
c:\program files (x86)\windows kits\10\include\10.0.16299.0\um\gdiplusenums.h(568): error C2065: META_SETTEXTCOLOR: необъявленный идентификатор
c:\program files (x86)\windows kits\10\include\10.0.16299.0\um\gdiplusenums.h(568): error C2056: недопустимое выражение
c:\program files (x86)\windows kits\10\include\10.0.16299.0\um\gdiplusenums.h(569): error C2065: META_SETTEXTJUSTIFICATION: необъявленный идентификатор
c:\program files (x86)\windows kits\10\include\10.0.16299.0\um\gdiplusenums.h(569): error C2056: недопустимое выражение
c:\program files (x86)\windows kits\10\include\10.0.16299.0\um\gdiplusenums.h(570): error C2065: META_SETWINDOWORG: необъявленный идентификатор
c:\program files (x86)\windows kits\10\include\10.0.16299.0\um\gdiplusenums.h(570): error C2056: недопустимое выражение
c:\program files (x86)\windows kits\10\include\10.0.16299.0\um\gdiplusenums.h(571): error C2065: META_SETWINDOWEXT: необъявленный идентификатор
c:\program files (x86)\windows kits\10\include\10.0.16299.0\um\gdiplusenums.h(571): error C2056: недопустимое выражение
c:\program files (x86)\windows kits\10\include\10.0.16299.0\um\gdiplusenums.h(572): error C2065: META_SETVIEWPORTORG: необъявленный идентификатор
c:\program files (x86)\windows kits\10\include\10.0.16299.0\um\gdiplusenums.h(572): error C2056: недопустимое выражение
c:\program files (x86)\windows kits\10\include\10.0.16299.0\um\gdiplusenums.h(573): error C2065: META_SETVIEWPORTEXT: необъявленный идентификатор
c:\program files (x86)\windows kits\10\include\10.0.16299.0\um\gdiplusenums.h(573): error C2056: недопустимое выражение
c:\program files (x86)\windows kits\10\include\10.0.16299.0\um\gdiplusenums.h(574): error C2065: META_OFFSETWINDOWORG: необъявленный идентификатор
c:\program files (x86)\windows kits\10\include\10.0.16299.0\um\gdiplusenums.h(574): error C2056: недопустимое выражение
c:\program files (x86)\windows kits\10\include\10.0.16299.0\um\gdiplusenums.h(575): error C2065: META_SCALEWINDOWEXT: необъявленный идентификатор
c:\program files (x86)\windows kits\10\include\10.0.16299.0\um\gdiplusenums.h(575): error C2056: недопустимое выражение
c:\program files (x86)\windows kits\10\include\10.0.16299.0\um\gdiplusenums.h(576): error C2065: META_OFFSETVIEWPORTORG: необъявленный идентификатор
c:\program files (x86)\windows kits\10\include\10.0.16299.0\um\gdiplusenums.h(576): error C2056: недопустимое выражение
c:\program files (x86)\windows kits\10\include\10.0.16299.0\um\gdiplusenums.h(577): error C2065: META_SCALEVIEWPORTEXT: необъявленный идентификатор
c:\program files (x86)\windows kits\10\include\10.0.16299.0\um\gdiplusenums.h(577): error C2056: недопустимое выражение
c:\program files (x86)\windows kits\10\include\10.0.16299.0\um\gdiplusenums.h(578): error C2065: META_LINETO: необъявленный идентификатор
c:\program files (x86)\windows kits\10\include\10.0.16299.0\um\gdiplusenums.h(578): error C2056: недопустимое выражение
c:\program files (x86)\windows kits\10\include\10.0.16299.0\um\gdiplusenums.h(579): error C2065: META_MOVETO: необъявленный идентификатор
c:\program files (x86)\windows kits\10\include\10.0.16299.0\um\gdiplusenums.h(579): error C2056: недопустимое выражение
c:\program files (x86)\windows kits\10\include\10.0.16299.0\um\gdiplusenums.h(580): error C2065: META_EXCLUDECLIPRECT: необъявленный идентификатор
c:\program files (x86)\windows kits\10\include\10.0.16299.0\um\gdiplusenums.h(580): error C2056: недопустимое выражение
c:\program files (x86)\windows kits\10\include\10.0.16299.0\um\gdiplusenums.h(581): error C2065: META_INTERSECTCLIPRECT: необъявленный идентификатор
c:\program files (x86)\windows kits\10\include\10.0.16299.0\um\gdiplusenums.h(581): error C2056: недопустимое выражение
c:\program files (x86)\windows kits\10\include\10.0.16299.0\um\gdiplusenums.h(582): error C2065: META_ARC: необъявленный идентификатор
c:\program files (x86)\windows kits\10\include\10.0.16299.0\um\gdiplusenums.h(582): error C2056: недопустимое выражение
c:\program files (x86)\windows kits\10\include\10.0.16299.0\um\gdiplusenums.h(583): error C2065: META_ELLIPSE: необъявленный идентификатор
c:\program files (x86)\windows kits\10\include\10.0.16299.0\um\gdiplusenums.h(583): error C2056: недопустимое выражение
c:\program files (x86)\windows kits\10\include\10.0.16299.0\um\gdiplusenums.h(584): error C2065: META_FLOODFILL: необъявленный идентификатор
c:\program files (x86)\windows kits\10\include\10.0.16299.0\um\gdiplusenums.h(584): error C2056: недопустимое выражение
c:\program files (x86)\windows kits\10\include\10.0.16299.0\um\gdiplusenums.h(585): error C2065: META_PIE: необъявленный идентификатор
c:\program files (x86)\windows kits\10\include\10.0.16299.0\um\gdiplusenums.h(585): error C2056: недопустимое выражение
c:\program files (x86)\windows kits\10\include\10.0.16299.0\um\gdiplusenums.h(586): error C2065: META_RECTANGLE: необъявленный идентификатор
c:\program files (x86)\windows kits\10\include\10.0.16299.0\um\gdiplusenums.h(586): error C2056: недопустимое выражение
c:\program files (x86)\windows kits\10\include\10.0.16299.0\um\gdiplusenums.h(587): error C2065: META_ROUNDRECT: необъявленный идентификатор
c:\program files (x86)\windows kits\10\include\10.0.16299.0\um\gdiplusenums.h(587): error C2056: недопустимое выражение
c:\program files (x86)\windows kits\10\include\10.0.16299.0\um\gdiplusenums.h(588): error C2065: META_PATBLT: необъявленный идентификатор
c:\program files (x86)\windows kits\10\include\10.0.16299.0\um\gdiplusenums.h(588): error C2056: недопустимое выражение
c:\program files (x86)\windows kits\10\include\10.0.16299.0\um\gdiplusenums.h(589): error C2065: META_SAVEDC: необъявленный идентификатор
c:\program files (x86)\windows kits\10\include\10.0.16299.0\um\gdiplusenums.h(589): error C2056: недопустимое выражение
c:\program files (x86)\windows kits\10\include\10.0.16299.0\um\gdiplusenums.h(590): error C2065: META_SETPIXEL: необъявленный идентификатор
c:\program files (x86)\windows kits\10\include\10.0.16299.0\um\gdiplusenums.h(590): error C2056: недопустимое выражение
c:\program files (x86)\windows kits\10\include\10.0.16299.0\um\gdiplusenums.h(591): error C2065: META_OFFSETCLIPRGN: необъявленный идентификатор
c:\program files (x86)\windows kits\10\include\10.0.16299.0\um\gdiplusenums.h(591): error C2056: недопустимое выражение
c:\program files (x86)\windows kits\10\include\10.0.16299.0\um\gdiplusenums.h(592): error C2065: META_TEXTOUT: необъявленный идентификатор
c:\program files (x86)\windows kits\10\include\10.0.16299.0\um\gdiplusenums.h(592): error C2056: недопустимое выражение
c:\program files (x86)\windows kits\10\include\10.0.16299.0\um\gdiplusenums.h(593): error C2065: META_BITBLT: необъявленный идентификатор
c:\program files (x86)\windows kits\10\include\10.0.16299.0\um\gdiplusenums.h(593): error C2056: недопустимое выражение
c:\program files (x86)\windows kits\10\include\10.0.16299.0\um\gdiplusenums.h(594): error C2065: META_STRETCHBLT: необъявленный идентификатор
c:\program files (x86)\windows kits\10\include\10.0.16299.0\um\gdiplusenums.h(594): error C2056: недопустимое выражение
c:\program files (x86)\windows kits\10\include\10.0.16299.0\um\gdiplusenums.h(595): error C2065: META_POLYGON: необъявленный идентификатор
c:\program files (x86)\windows kits\10\include\10.0.16299.0\um\gdiplusenums.h(595): error C2056: недопустимое выражение
c:\program files (x86)\windows kits\10\include\10.0.16299.0\um\gdiplusenums.h(596): error C2065: META_POLYLINE: необъявленный идентификатор
c:\program files (x86)\windows kits\10\include\10.0.16299.0\um\gdiplusenums.h(596): error C2056: недопустимое выражение
c:\program files (x86)\windows kits\10\include\10.0.16299.0\um\gdiplusenums.h(597): error C2065: META_ESCAPE: необъявленный идентификатор
c:\program files (x86)\windows kits\10\include\10.0.16299.0\um\gdiplusenums.h(597): error C2056: недопустимое выражение
c:\program files (x86)\windows kits\10\include\10.0.16299.0\um\gdiplusenums.h(598): error C2065: META_RESTOREDC: необъявленный идентификатор
c:\program files (x86)\windows kits\10\include\10.0.16299.0\um\gdiplusenums.h(598): error C2056: недопустимое выражение
c:\program files (x86)\windows kits\10\include\10.0.16299.0\um\gdiplusenums.h(599): error C2065: META_FILLREGION: необъявленный идентификатор
c:\program files (x86)\windows kits\10\include\10.0.16299.0\um\gdiplusenums.h(599): error C2056: недопустимое выражение
c:\program files (x86)\windows kits\10\include\10.0.16299.0\um\gdiplusenums.h(600): error C2065: META_FRAMEREGION: необъявленный идентификатор
c:\program files (x86)\windows kits\10\include\10.0.16299.0\um\gdiplusenums.h(600): error C2056: недопустимое выражение
c:\program files (x86)\windows kits\10\include\10.0.16299.0\um\gdiplusenums.h(601): error C2065: META_INVERTREGION: необъявленный идентификатор
c:\program files (x86)\windows kits\10\include\10.0.16299.0\um\gdiplusenums.h(601): error C2056: недопустимое выражение
c:\program files (x86)\windows kits\10\include\10.0.16299.0\um\gdiplusenums.h(602): error C2065: META_PAINTREGION: необъявленный идентификатор
c:\program files (x86)\windows kits\10\include\10.0.16299.0\um\gdiplusenums.h(602): error C2056: недопустимое выражение
c:\program files (x86)\windows kits\10\include\10.0.16299.0\um\gdiplusenums.h(603): error C2065: META_SELECTCLIPREGION: необъявленный идентификатор
c:\program files (x86)\windows kits\10\include\10.0.16299.0\um\gdiplusenums.h(603): error C2056: недопустимое выражение
c:\program files (x86)\windows kits\10\include\10.0.16299.0\um\gdiplusenums.h(604): error C2065: META_SELECTOBJECT: необъявленный идентификатор
c:\program files (x86)\windows kits\10\include\10.0.16299.0\um\gdiplusenums.h(604): error C2056: недопустимое выражение
c:\program files (x86)\windows kits\10\include\10.0.16299.0\um\gdiplusenums.h(605): error C2065: META_SETTEXTALIGN: необъявленный идентификатор
c:\program files (x86)\windows kits\10\include\10.0.16299.0\um\gdiplusenums.h(605): error C2056: недопустимое выражение
c:\program files (x86)\windows kits\10\include\10.0.16299.0\um\gdiplusenums.h(607): error C2065: META_CHORD: необъявленный идентификатор
c:\program files (x86)\windows kits\10\include\10.0.16299.0\um\gdiplusenums.h(607): error C2056: недопустимое выражение
c:\program files (x86)\windows kits\10\include\10.0.16299.0\um\gdiplusenums.h(608): error C2065: META_SETMAPPERFLAGS: необъявленный идентификатор
c:\program files (x86)\windows kits\10\include\10.0.16299.0\um\gdiplusenums.h(608): error C2056: недопустимое выражение
c:\program files (x86)\windows kits\10\include\10.0.16299.0\um\gdiplusenums.h(609): error C2065: META_EXTTEXTOUT: необъявленный идентификатор
c:\program files (x86)\windows kits\10\include\10.0.16299.0\um\gdiplusenums.h(609): error C2056: недопустимое выражение
c:\program files (x86)\windows kits\10\include\10.0.16299.0\um\gdiplusenums.h(609): fatal error C1003: число ошибок превышает 100; остановка компиляции
  Count.cpp
c:\program files (x86)\windows kits\10\include\10.0.16299.0\um\gdiplusenums.h(33): error C4430: отсутствует спецификатор типа - предполагается int. Примечание. C++ не поддерживает int по умолчанию
c:\program files (x86)\windows kits\10\include\10.0.16299.0\um\gdiplusenums.h(33): error C2146: синтаксическая ошибка: отсутствие ";" перед идентификатором "GraphicsState"
c:\program files (x86)\windows kits\10\include\10.0.16299.0\um\gdiplusenums.h(534): error C2433: BOOL: "inline" не разрешается для объявлений данных
c:\program files (x86)\windows kits\10\include\10.0.16299.0\um\gdiplusenums.h(534): error C4430: отсутствует спецификатор типа - предполагается int. Примечание. C++ не поддерживает int по умолчанию
c:\program files (x86)\windows kits\10\include\10.0.16299.0\um\gdiplusenums.h(534): error C2146: синтаксическая ошибка: отсутствие ";" перед идентификатором "ObjectTypeIsValid"
c:\program files (x86)\windows kits\10\include\10.0.16299.0\um\gdiplusenums.h(537): error C4430: отсутствует спецификатор типа - предполагается int. Примечание. C++ не поддерживает int по умолчанию
c:\program files (x86)\windows kits\10\include\10.0.16299.0\um\gdiplusenums.h(560): error C2065: META_SETBKCOLOR: необъявленный идентификатор
c:\program files (x86)\windows kits\10\include\10.0.16299.0\um\gdiplusenums.h(560): error C2056: недопустимое выражение
c:\program files (x86)\windows kits\10\include\10.0.16299.0\um\gdiplusenums.h(561): error C2065: META_SETBKMODE: необъявленный идентификатор
c:\program files (x86)\windows kits\10\include\10.0.16299.0\um\gdiplusenums.h(561): error C2056: недопустимое выражение
c:\program files (x86)\windows kits\10\include\10.0.16299.0\um\gdiplusenums.h(562): error C2065: META_SETMAPMODE: необъявленный идентификатор
c:\program files (x86)\windows kits\10\include\10.0.16299.0\um\gdiplusenums.h(562): error C2056: недопустимое выражение
c:\program files (x86)\windows kits\10\include\10.0.16299.0\um\gdiplusenums.h(563): error C2065: META_SETROP2: необъявленный идентификатор
c:\program files (x86)\windows kits\10\include\10.0.16299.0\um\gdiplusenums.h(563): error C2056: недопустимое выражение
c:\program files (x86)\windows kits\10\include\10.0.16299.0\um\gdiplusenums.h(564): error C2065: META_SETRELABS: необъявленный идентификатор
c:\program files (x86)\windows kits\10\include\10.0.16299.0\um\gdiplusenums.h(564): error C2056: недопустимое выражение
c:\program files (x86)\windows kits\10\include\10.0.16299.0\um\gdiplusenums.h(565): error C2065: META_SETPOLYFILLMODE: необъявленный идентификатор
c:\program files (x86)\windows kits\10\include\10.0.16299.0\um\gdiplusenums.h(565): error C2056: недопустимое выражение
c:\program files (x86)\windows kits\10\include\10.0.16299.0\um\gdiplusenums.h(566): error C2065: META_SETSTRETCHBLTMODE: необъявленный идентификатор
c:\program files (x86)\windows kits\10\include\10.0.16299.0\um\gdiplusenums.h(566): error C2056: недопустимое выражение
c:\program files (x86)\windows kits\10\include\10.0.16299.0\um\gdiplusenums.h(567): error C2065: META_SETTEXTCHAREXTRA: необъявленный идентификатор
c:\program files (x86)\windows kits\10\include\10.0.16299.0\um\gdiplusenums.h(567): error C2056: недопустимое выражение
c:\program files (x86)\windows kits\10\include\10.0.16299.0\um\gdiplusenums.h(568): error C2065: META_SETTEXTCOLOR: необъявленный идентификатор
c:\program files (x86)\windows kits\10\include\10.0.16299.0\um\gdiplusenums.h(568): error C2056: недопустимое выражение
c:\program files (x86)\windows kits\10\include\10.0.16299.0\um\gdiplusenums.h(569): error C2065: META_SETTEXTJUSTIFICATION: необъявленный идентификатор
c:\program files (x86)\windows kits\10\include\10.0.16299.0\um\gdiplusenums.h(569): error C2056: недопустимое выражение
c:\program files (x86)\windows kits\10\include\10.0.16299.0\um\gdiplusenums.h(570): error C2065: META_SETWINDOWORG: необъявленный идентификатор
c:\program files (x86)\windows kits\10\include\10.0.16299.0\um\gdiplusenums.h(570): error C2056: недопустимое выражение
c:\program files (x86)\windows kits\10\include\10.0.16299.0\um\gdiplusenums.h(571): error C2065: META_SETWINDOWEXT: необъявленный идентификатор
c:\program files (x86)\windows kits\10\include\10.0.16299.0\um\gdiplusenums.h(571): error C2056: недопустимое выражение
c:\program files (x86)\windows kits\10\include\10.0.16299.0\um\gdiplusenums.h(572): error C2065: META_SETVIEWPORTORG: необъявленный идентификатор
c:\program files (x86)\windows kits\10\include\10.0.16299.0\um\gdiplusenums.h(572): error C2056: недопустимое выражение
c:\program files (x86)\windows kits\10\include\10.0.16299.0\um\gdiplusenums.h(573): error C2065: META_SETVIEWPORTEXT: необъявленный идентификатор
c:\program files (x86)\windows kits\10\include\10.0.16299.0\um\gdiplusenums.h(573): error C2056: недопустимое выражение
c:\program files (x86)\windows kits\10\include\10.0.16299.0\um\gdiplusenums.h(574): error C2065: META_OFFSETWINDOWORG: необъявленный идентификатор
c:\program files (x86)\windows kits\10\include\10.0.16299.0\um\gdiplusenums.h(574): error C2056: недопустимое выражение
c:\program files (x86)\windows kits\10\include\10.0.16299.0\um\gdiplusenums.h(575): error C2065: META_SCALEWINDOWEXT: необъявленный идентификатор
c:\program files (x86)\windows kits\10\include\10.0.16299.0\um\gdiplusenums.h(575): error C2056: недопустимое выражение
c:\program files (x86)\windows kits\10\include\10.0.16299.0\um\gdiplusenums.h(576): error C2065: META_OFFSETVIEWPORTORG: необъявленный идентификатор
c:\program files (x86)\windows kits\10\include\10.0.16299.0\um\gdiplusenums.h(576): error C2056: недопустимое выражение
c:\program files (x86)\windows kits\10\include\10.0.16299.0\um\gdiplusenums.h(577): error C2065: META_SCALEVIEWPORTEXT: необъявленный идентификатор
c:\program files (x86)\windows kits\10\include\10.0.16299.0\um\gdiplusenums.h(577): error C2056: недопустимое выражение
c:\program files (x86)\windows kits\10\include\10.0.16299.0\um\gdiplusenums.h(578): error C2065: META_LINETO: необъявленный идентификатор
c:\program files (x86)\windows kits\10\include\10.0.16299.0\um\gdiplusenums.h(578): error C2056: недопустимое выражение
c:\program files (x86)\windows kits\10\include\10.0.16299.0\um\gdiplusenums.h(579): error C2065: META_MOVETO: необъявленный идентификатор
c:\program files (x86)\windows kits\10\include\10.0.16299.0\um\gdiplusenums.h(579): error C2056: недопустимое выражение
c:\program files (x86)\windows kits\10\include\10.0.16299.0\um\gdiplusenums.h(580): error C2065: META_EXCLUDECLIPRECT: необъявленный идентификатор
c:\program files (x86)\windows kits\10\include\10.0.16299.0\um\gdiplusenums.h(580): error C2056: недопустимое выражение
c:\program files (x86)\windows kits\10\include\10.0.16299.0\um\gdiplusenums.h(581): error C2065: META_INTERSECTCLIPRECT: необъявленный идентификатор
c:\program files (x86)\windows kits\10\include\10.0.16299.0\um\gdiplusenums.h(581): error C2056: недопустимое выражение
c:\program files (x86)\windows kits\10\include\10.0.16299.0\um\gdiplusenums.h(582): error C2065: META_ARC: необъявленный идентификатор
c:\program files (x86)\windows kits\10\include\10.0.16299.0\um\gdiplusenums.h(582): error C2056: недопустимое выражение
c:\program files (x86)\windows kits\10\include\10.0.16299.0\um\gdiplusenums.h(583): error C2065: META_ELLIPSE: необъявленный идентификатор
c:\program files (x86)\windows kits\10\include\10.0.16299.0\um\gdiplusenums.h(583): error C2056: недопустимое выражение
c:\program files (x86)\windows kits\10\include\10.0.16299.0\um\gdiplusenums.h(584): error C2065: META_FLOODFILL: необъявленный идентификатор
c:\program files (x86)\windows kits\10\include\10.0.16299.0\um\gdiplusenums.h(584): error C2056: недопустимое выражение
c:\program files (x86)\windows kits\10\include\10.0.16299.0\um\gdiplusenums.h(585): error C2065: META_PIE: необъявленный идентификатор
c:\program files (x86)\windows kits\10\include\10.0.16299.0\um\gdiplusenums.h(585): error C2056: недопустимое выражение
c:\program files (x86)\windows kits\10\include\10.0.16299.0\um\gdiplusenums.h(586): error C2065: META_RECTANGLE: необъявленный идентификатор
c:\program files (x86)\windows kits\10\include\10.0.16299.0\um\gdiplusenums.h(586): error C2056: недопустимое выражение
c:\program files (x86)\windows kits\10\include\10.0.16299.0\um\gdiplusenums.h(587): error C2065: META_ROUNDRECT: необъявленный идентификатор
c:\program files (x86)\windows kits\10\include\10.0.16299.0\um\gdiplusenums.h(587): error C2056: недопустимое выражение
c:\program files (x86)\windows kits\10\include\10.0.16299.0\um\gdiplusenums.h(588): error C2065: META_PATBLT: необъявленный идентификатор
c:\program files (x86)\windows kits\10\include\10.0.16299.0\um\gdiplusenums.h(588): error C2056: недопустимое выражение
c:\program files (x86)\windows kits\10\include\10.0.16299.0\um\gdiplusenums.h(589): error C2065: META_SAVEDC: необъявленный идентификатор
c:\program files (x86)\windows kits\10\include\10.0.16299.0\um\gdiplusenums.h(589): error C2056: недопустимое выражение
c:\program files (x86)\windows kits\10\include\10.0.16299.0\um\gdiplusenums.h(590): error C2065: META_SETPIXEL: необъявленный идентификатор
c:\program files (x86)\windows kits\10\include\10.0.16299.0\um\gdiplusenums.h(590): error C2056: недопустимое выражение
c:\program files (x86)\windows kits\10\include\10.0.16299.0\um\gdiplusenums.h(591): error C2065: META_OFFSETCLIPRGN: необъявленный идентификатор
c:\program files (x86)\windows kits\10\include\10.0.16299.0\um\gdiplusenums.h(591): error C2056: недопустимое выражение
c:\program files (x86)\windows kits\10\include\10.0.16299.0\um\gdiplusenums.h(592): error C2065: META_TEXTOUT: необъявленный идентификатор
c:\program files (x86)\windows kits\10\include\10.0.16299.0\um\gdiplusenums.h(592): error C2056: недопустимое выражение
c:\program files (x86)\windows kits\10\include\10.0.16299.0\um\gdiplusenums.h(593): error C2065: META_BITBLT: необъявленный идентификатор
c:\program files (x86)\windows kits\10\include\10.0.16299.0\um\gdiplusenums.h(593): error C2056: недопустимое выражение
c:\program files (x86)\windows kits\10\include\10.0.16299.0\um\gdiplusenums.h(594): error C2065: META_STRETCHBLT: необъявленный идентификатор
c:\program files (x86)\windows kits\10\include\10.0.16299.0\um\gdiplusenums.h(594): error C2056: недопустимое выражение
c:\program files (x86)\windows kits\10\include\10.0.16299.0\um\gdiplusenums.h(595): error C2065: META_POLYGON: необъявленный идентификатор
c:\program files (x86)\windows kits\10\include\10.0.16299.0\um\gdiplusenums.h(595): error C2056: недопустимое выражение
c:\program files (x86)\windows kits\10\include\10.0.16299.0\um\gdiplusenums.h(596): error C2065: META_POLYLINE: необъявленный идентификатор
c:\program files (x86)\windows kits\10\include\10.0.16299.0\um\gdiplusenums.h(596): error C2056: недопустимое выражение
c:\program files (x86)\windows kits\10\include\10.0.16299.0\um\gdiplusenums.h(597): error C2065: META_ESCAPE: необъявленный идентификатор
c:\program files (x86)\windows kits\10\include\10.0.16299.0\um\gdiplusenums.h(597): error C2056: недопустимое выражение
c:\program files (x86)\windows kits\10\include\10.0.16299.0\um\gdiplusenums.h(598): error C2065: META_RESTOREDC: необъявленный идентификатор
c:\program files (x86)\windows kits\10\include\10.0.16299.0\um\gdiplusenums.h(598): error C2056: недопустимое выражение
c:\program files (x86)\windows kits\10\include\10.0.16299.0\um\gdiplusenums.h(599): error C2065: META_FILLREGION: необъявленный идентификатор
c:\program files (x86)\windows kits\10\include\10.0.16299.0\um\gdiplusenums.h(599): error C2056: недопустимое выражение
c:\program files (x86)\windows kits\10\include\10.0.16299.0\um\gdiplusenums.h(600): error C2065: META_FRAMEREGION: необъявленный идентификатор
c:\program files (x86)\windows kits\10\include\10.0.16299.0\um\gdiplusenums.h(600): error C2056: недопустимое выражение
c:\program files (x86)\windows kits\10\include\10.0.16299.0\um\gdiplusenums.h(601): error C2065: META_INVERTREGION: необъявленный идентификатор
c:\program files (x86)\windows kits\10\include\10.0.16299.0\um\gdiplusenums.h(601): error C2056: недопустимое выражение
c:\program files (x86)\windows kits\10\include\10.0.16299.0\um\gdiplusenums.h(602): error C2065: META_PAINTREGION: необъявленный идентификатор
c:\program files (x86)\windows kits\10\include\10.0.16299.0\um\gdiplusenums.h(602): error C2056: недопустимое выражение
c:\program files (x86)\windows kits\10\include\10.0.16299.0\um\gdiplusenums.h(603): error C2065: META_SELECTCLIPREGION: необъявленный идентификатор
c:\program files (x86)\windows kits\10\include\10.0.16299.0\um\gdiplusenums.h(603): error C2056: недопустимое выражение
c:\program files (x86)\windows kits\10\include\10.0.16299.0\um\gdiplusenums.h(604): error C2065: META_SELECTOBJECT: необъявленный идентификатор
c:\program files (x86)\windows kits\10\include\10.0.16299.0\um\gdiplusenums.h(604): error C2056: недопустимое выражение
c:\program files (x86)\windows kits\10\include\10.0.16299.0\um\gdiplusenums.h(605): error C2065: META_SETTEXTALIGN: необъявленный идентификатор
c:\program files (x86)\windows kits\10\include\10.0.16299.0\um\gdiplusenums.h(605): error C2056: недопустимое выражение
c:\program files (x86)\windows kits\10\include\10.0.16299.0\um\gdiplusenums.h(607): error C2065: META_CHORD: необъявленный идентификатор
c:\program files (x86)\windows kits\10\include\10.0.16299.0\um\gdiplusenums.h(607): error C2056: недопустимое выражение
c:\program files (x86)\windows kits\10\include\10.0.16299.0\um\gdiplusenums.h(608): error C2065: META_SETMAPPERFLAGS: необъявленный идентификатор
c:\program files (x86)\windows kits\10\include\10.0.16299.0\um\gdiplusenums.h(608): error C2056: недопустимое выражение
c:\program files (x86)\windows kits\10\include\10.0.16299.0\um\gdiplusenums.h(609): error C2065: META_EXTTEXTOUT: необъявленный идентификатор
c:\program files (x86)\windows kits\10\include\10.0.16299.0\um\gdiplusenums.h(609): error C2056: недопустимое выражение
c:\program files (x86)\windows kits\10\include\10.0.16299.0\um\gdiplusenums.h(609): fatal error C1003: число ошибок превышает 100; остановка компиляции
  Создание кода...
