c:\users\имя\gits\greenproject\count\count\debug\count.pch
c:\users\имя\gits\greenproject\count\count\debug\vc141.pdb
c:\users\имя\gits\greenproject\count\count\debug\vc141.idb
c:\users\имя\gits\greenproject\count\count\debug\stdafx.obj
c:\users\имя\gits\greenproject\count\count\debug\count.obj
c:\users\имя\gits\greenproject\bad brench\count\debug\count.pch
c:\users\имя\gits\greenproject\bad brench\count\debug\vc141.pdb
c:\users\имя\gits\greenproject\bad brench\count\debug\vc141.idb
c:\users\имя\gits\greenproject\bad brench\count\debug\count.obj
c:\users\имя\gits\greenproject\bad brench\count\debug\color.obj
c:\users\имя\gits\greenproject\count\debug\count.exe
c:\users\имя\gits\greenproject\count\debug\count.ilk
c:\users\имя\gits\greenproject\count\debug\count.pdb
c:\users\имя\gits\greenproject\bad brench\debug\count.exe
c:\users\имя\gits\greenproject\bad brench\debug\count.ilk
c:\users\имя\gits\greenproject\bad brench\debug\count.pdb
c:\users\имя\gits\greenproject\bad brench\count\debug\count.obj.enc
c:\users\имя\gits\greenproject\bad brench\count\debug\count.tlog\cl.command.1.tlog
c:\users\имя\gits\greenproject\bad brench\count\debug\count.tlog\cl.read.1.tlog
c:\users\имя\gits\greenproject\bad brench\count\debug\count.tlog\cl.write.1.tlog
c:\users\имя\gits\greenproject\bad brench\count\debug\count.tlog\link.command.1.tlog
c:\users\имя\gits\greenproject\bad brench\count\debug\count.tlog\link.read.1.tlog
c:\users\имя\gits\greenproject\bad brench\count\debug\count.tlog\link.write.1.tlog
