  Just_Green.cpp
c:\users\nikab\desktop\greenproject\just_green\just_green\just_green.cpp(11): error C2871: 'Gdiplus': a namespace with this name does not exist
c:\users\nikab\desktop\greenproject\just_green\just_green\just_green.cpp(16): error C2065: 'LC_ALL': undeclared identifier
c:\users\nikab\desktop\greenproject\just_green\just_green\just_green.cpp(16): error C3861: 'setlocale': identifier not found
c:\users\nikab\desktop\greenproject\just_green\just_green\just_green.cpp(17): error C2653: 'Gdiplus': is not a class or namespace name
c:\users\nikab\desktop\greenproject\just_green\just_green\just_green.cpp(17): error C2065: 'GdiplusStartupInput': undeclared identifier
c:\users\nikab\desktop\greenproject\just_green\just_green\just_green.cpp(17): error C2146: syntax error: missing ';' before identifier 'gdiplusStartupInput'
c:\users\nikab\desktop\greenproject\just_green\just_green\just_green.cpp(17): error C2065: 'gdiplusStartupInput': undeclared identifier
c:\users\nikab\desktop\greenproject\just_green\just_green\just_green.cpp(18): error C2065: 'ULONG_PTR': undeclared identifier
c:\users\nikab\desktop\greenproject\just_green\just_green\just_green.cpp(18): error C2146: syntax error: missing ';' before identifier 'gdiplusToken'
c:\users\nikab\desktop\greenproject\just_green\just_green\just_green.cpp(18): error C2065: 'gdiplusToken': undeclared identifier
c:\users\nikab\desktop\greenproject\just_green\just_green\just_green.cpp(19): error C2653: 'Gdiplus': is not a class or namespace name
c:\users\nikab\desktop\greenproject\just_green\just_green\just_green.cpp(19): error C2065: 'gdiplusToken': undeclared identifier
c:\users\nikab\desktop\greenproject\just_green\just_green\just_green.cpp(19): error C2065: 'gdiplusStartupInput': undeclared identifier
c:\users\nikab\desktop\greenproject\just_green\just_green\just_green.cpp(19): error C3861: 'GdiplusStartup': identifier not found
c:\users\nikab\desktop\greenproject\just_green\just_green\just_green.cpp(22): error C2065: 'wstring': undeclared identifier
c:\users\nikab\desktop\greenproject\just_green\just_green\just_green.cpp(22): error C2146: syntax error: missing ';' before identifier 'SputnikUrl'
c:\users\nikab\desktop\greenproject\just_green\just_green\just_green.cpp(22): error C2065: 'SputnikUrl': undeclared identifier
c:\users\nikab\desktop\greenproject\just_green\just_green\just_green.cpp(24): error C2065: 'wstring': undeclared identifier
c:\users\nikab\desktop\greenproject\just_green\just_green\just_green.cpp(24): error C2146: syntax error: missing ';' before identifier 'PalleteUrl'
c:\users\nikab\desktop\greenproject\just_green\just_green\just_green.cpp(24): error C2065: 'PalleteUrl': undeclared identifier
c:\users\nikab\desktop\greenproject\just_green\just_green\just_green.cpp(26): error C2065: 'wstring': undeclared identifier
c:\users\nikab\desktop\greenproject\just_green\just_green\just_green.cpp(26): error C2146: syntax error: missing ';' before identifier 'MapUrl'
c:\users\nikab\desktop\greenproject\just_green\just_green\just_green.cpp(26): error C2065: 'MapUrl': undeclared identifier
c:\users\nikab\desktop\greenproject\just_green\just_green\just_green.cpp(28): error C2065: 'wstring': undeclared identifier
c:\users\nikab\desktop\greenproject\just_green\just_green\just_green.cpp(28): error C2146: syntax error: missing ';' before identifier 'PalleteSaveWay'
c:\users\nikab\desktop\greenproject\just_green\just_green\just_green.cpp(28): error C2065: 'PalleteSaveWay': undeclared identifier
c:\users\nikab\desktop\greenproject\just_green\just_green\just_green.cpp(29): error C2065: 'picture': undeclared identifier
c:\users\nikab\desktop\greenproject\just_green\just_green\just_green.cpp(29): error C2146: syntax error: missing ';' before identifier 'sputnik'
c:\users\nikab\desktop\greenproject\just_green\just_green\just_green.cpp(29): error C2065: 'sputnik': undeclared identifier
c:\users\nikab\desktop\greenproject\just_green\just_green\just_green.cpp(30): error C2065: 'picture': undeclared identifier
c:\users\nikab\desktop\greenproject\just_green\just_green\just_green.cpp(30): error C2146: syntax error: missing ';' before identifier 'pallete'
c:\users\nikab\desktop\greenproject\just_green\just_green\just_green.cpp(30): error C2065: 'pallete': undeclared identifier
c:\users\nikab\desktop\greenproject\just_green\just_green\just_green.cpp(31): error C2065: 'picture': undeclared identifier
c:\users\nikab\desktop\greenproject\just_green\just_green\just_green.cpp(31): error C2146: syntax error: missing ';' before identifier 'map'
c:\users\nikab\desktop\greenproject\just_green\just_green\just_green.cpp(31): error C2065: 'map': undeclared identifier
c:\users\nikab\desktop\greenproject\just_green\just_green\just_green.cpp(34): error C3861: 'getCoordinate': identifier not found
c:\users\nikab\desktop\greenproject\just_green\just_green\just_green.cpp(38): error C2065: 'sputnik': undeclared identifier
c:\users\nikab\desktop\greenproject\just_green\just_green\just_green.cpp(38): error C2228: left of '.Download' must have class/struct/union
  c:\users\nikab\desktop\greenproject\just_green\just_green\just_green.cpp(38): note: type is 'unknown-type'
c:\users\nikab\desktop\greenproject\just_green\just_green\just_green.cpp(38): error C2065: 'SputnikUrl': undeclared identifier
c:\users\nikab\desktop\greenproject\just_green\just_green\just_green.cpp(39): error C2065: 'sputnik': undeclared identifier
c:\users\nikab\desktop\greenproject\just_green\just_green\just_green.cpp(39): error C2228: left of '.Translate' must have class/struct/union
  c:\users\nikab\desktop\greenproject\just_green\just_green\just_green.cpp(39): note: type is 'unknown-type'
c:\users\nikab\desktop\greenproject\just_green\just_green\just_green.cpp(41): error C2065: 'pallete': undeclared identifier
c:\users\nikab\desktop\greenproject\just_green\just_green\just_green.cpp(41): error C2228: left of '.Download' must have class/struct/union
  c:\users\nikab\desktop\greenproject\just_green\just_green\just_green.cpp(41): note: type is 'unknown-type'
c:\users\nikab\desktop\greenproject\just_green\just_green\just_green.cpp(41): error C2065: 'PalleteUrl': undeclared identifier
c:\users\nikab\desktop\greenproject\just_green\just_green\just_green.cpp(42): error C2065: 'pallete': undeclared identifier
c:\users\nikab\desktop\greenproject\just_green\just_green\just_green.cpp(42): error C2228: left of '.Translate' must have class/struct/union
  c:\users\nikab\desktop\greenproject\just_green\just_green\just_green.cpp(42): note: type is 'unknown-type'
c:\users\nikab\desktop\greenproject\just_green\just_green\just_green.cpp(44): error C2065: 'map': undeclared identifier
c:\users\nikab\desktop\greenproject\just_green\just_green\just_green.cpp(44): error C2228: left of '.Download' must have class/struct/union
  c:\users\nikab\desktop\greenproject\just_green\just_green\just_green.cpp(44): note: type is 'unknown-type'
c:\users\nikab\desktop\greenproject\just_green\just_green\just_green.cpp(44): error C2065: 'MapUrl': undeclared identifier
c:\users\nikab\desktop\greenproject\just_green\just_green\just_green.cpp(45): error C2065: 'map': undeclared identifier
c:\users\nikab\desktop\greenproject\just_green\just_green\just_green.cpp(45): error C2228: left of '.Translate' must have class/struct/union
  c:\users\nikab\desktop\greenproject\just_green\just_green\just_green.cpp(45): note: type is 'unknown-type'
c:\users\nikab\desktop\greenproject\just_green\just_green\just_green.cpp(49): error C2065: 'vector': undeclared identifier
c:\users\nikab\desktop\greenproject\just_green\just_green\just_green.cpp(49): error C2062: type 'int' unexpected
c:\users\nikab\desktop\greenproject\just_green\just_green\just_green.cpp(50): error C2065: 'vector': undeclared identifier
c:\users\nikab\desktop\greenproject\just_green\just_green\just_green.cpp(50): error C2062: type 'int' unexpected
c:\users\nikab\desktop\greenproject\just_green\just_green\just_green.cpp(50): error C2143: syntax error: missing ';' before '{'
c:\users\nikab\desktop\greenproject\just_green\just_green\just_green.cpp(50): error C2143: syntax error: missing ';' before '}'
c:\users\nikab\desktop\greenproject\just_green\just_green\just_green.cpp(51): error C2065: 'vector': undeclared identifier
c:\users\nikab\desktop\greenproject\just_green\just_green\just_green.cpp(51): error C2062: type 'int' unexpected
c:\users\nikab\desktop\greenproject\just_green\just_green\just_green.cpp(54): error C2065: 'SputnikColor': undeclared identifier
c:\users\nikab\desktop\greenproject\just_green\just_green\just_green.cpp(54): error C3861: 'sqrt': identifier not found
c:\users\nikab\desktop\greenproject\just_green\just_green\just_green.cpp(55): error C2065: 'SputnikColor': undeclared identifier
c:\users\nikab\desktop\greenproject\just_green\just_green\just_green.cpp(55): error C3861: 'sqrt': identifier not found
c:\users\nikab\desktop\greenproject\just_green\just_green\just_green.cpp(56): error C2065: 'SputnikColor': undeclared identifier
c:\users\nikab\desktop\greenproject\just_green\just_green\just_green.cpp(56): error C3861: 'sqrt': identifier not found
c:\users\nikab\desktop\greenproject\just_green\just_green\just_green.cpp(57): error C2065: 'SputnikColor': undeclared identifier
c:\users\nikab\desktop\greenproject\just_green\just_green\just_green.cpp(57): error C3861: 'sqrt': identifier not found
c:\users\nikab\desktop\greenproject\just_green\just_green\just_green.cpp(58): error C2065: 'SputnikColor': undeclared identifier
c:\users\nikab\desktop\greenproject\just_green\just_green\just_green.cpp(58): error C3861: 'sqrt': identifier not found
c:\users\nikab\desktop\greenproject\just_green\just_green\just_green.cpp(59): error C2065: 'MapColor': undeclared identifier
c:\users\nikab\desktop\greenproject\just_green\just_green\just_green.cpp(62): error C2065: 'pallete': undeclared identifier
c:\users\nikab\desktop\greenproject\just_green\just_green\just_green.cpp(62): error C2228: left of '.setColor' must have class/struct/union
  c:\users\nikab\desktop\greenproject\just_green\just_green\just_green.cpp(62): note: type is 'unknown-type'
c:\users\nikab\desktop\greenproject\just_green\just_green\just_green.cpp(62): error C2065: 'GreenColor': undeclared identifier
c:\users\nikab\desktop\greenproject\just_green\just_green\just_green.cpp(66): error C2065: 'pallete': undeclared identifier
c:\users\nikab\desktop\greenproject\just_green\just_green\just_green.cpp(66): error C2228: left of '.setColor' must have class/struct/union
  c:\users\nikab\desktop\greenproject\just_green\just_green\just_green.cpp(66): note: type is 'unknown-type'
c:\users\nikab\desktop\greenproject\just_green\just_green\just_green.cpp(66): error C2228: left of '.getColor' must have class/struct/union
  c:\users\nikab\desktop\greenproject\just_green\just_green\just_green.cpp(66): note: type is 'unknown-type'
c:\users\nikab\desktop\greenproject\just_green\just_green\just_green.cpp(70): error C2065: 'pallete': undeclared identifier
c:\users\nikab\desktop\greenproject\just_green\just_green\just_green.cpp(70): error C2228: left of '.Draw' must have class/struct/union
  c:\users\nikab\desktop\greenproject\just_green\just_green\just_green.cpp(70): note: type is 'unknown-type'
c:\users\nikab\desktop\greenproject\just_green\just_green\just_green.cpp(71): error C2065: 'pallete': undeclared identifier
c:\users\nikab\desktop\greenproject\just_green\just_green\just_green.cpp(71): error C2228: left of '.Save' must have class/struct/union
  c:\users\nikab\desktop\greenproject\just_green\just_green\just_green.cpp(71): note: type is 'unknown-type'
c:\users\nikab\desktop\greenproject\just_green\just_green\just_green.cpp(71): error C2065: 'PalleteSaveWay': undeclared identifier
c:\users\nikab\desktop\greenproject\just_green\just_green\just_green.cpp(72): error C2065: 'sputnik': undeclared identifier
c:\users\nikab\desktop\greenproject\just_green\just_green\just_green.cpp(72): error C2228: left of '.Delete' must have class/struct/union
  c:\users\nikab\desktop\greenproject\just_green\just_green\just_green.cpp(72): note: type is 'unknown-type'
c:\users\nikab\desktop\greenproject\just_green\just_green\just_green.cpp(73): error C2065: 'map': undeclared identifier
c:\users\nikab\desktop\greenproject\just_green\just_green\just_green.cpp(73): error C2228: left of '.Delete' must have class/struct/union
  c:\users\nikab\desktop\greenproject\just_green\just_green\just_green.cpp(73): note: type is 'unknown-type'
c:\users\nikab\desktop\greenproject\just_green\just_green\just_green.cpp(74): error C2065: 'pallete': undeclared identifier
c:\users\nikab\desktop\greenproject\just_green\just_green\just_green.cpp(74): error C2228: left of '.Delete' must have class/struct/union
  c:\users\nikab\desktop\greenproject\just_green\just_green\just_green.cpp(74): note: type is 'unknown-type'
c:\users\nikab\desktop\greenproject\just_green\just_green\just_green.cpp(75): error C2065: 'cout': undeclared identifier
c:\users\nikab\desktop\greenproject\just_green\just_green\just_green.cpp(77): error C2653: 'Gdiplus': is not a class or namespace name
c:\users\nikab\desktop\greenproject\just_green\just_green\just_green.cpp(77): error C2065: 'gdiplusToken': undeclared identifier
c:\users\nikab\desktop\greenproject\just_green\just_green\just_green.cpp(77): error C3861: 'GdiplusShutdown': identifier not found
